#
# There is insufficient memory for the Java Runtime Environment to continue.
# Native memory allocation (mmap) failed to map 130023424 bytes for Failed to commit area from 0x0000000084000000 to 0x000000008bc00000 of length 130023424.
# Possible reasons:
#   The system is out of physical RAM or swap space
#   The process is running with CompressedOops enabled, and the Java Heap may be blocking the growth of the native heap
# Possible solutions:
#   Reduce memory load on the system
#   Increase physical memory or swap space
#   Check if swap backing store is full
#   Decrease Java heap size (-Xmx/-Xms)
#   Decrease number of Java threads
#   Decrease Java thread stack sizes (-Xss)
#   Set larger code cache with -XX:ReservedCodeCacheSize=
# This output file may be truncated or incomplete.
#
#  Out of Memory Error (./open/src/hotspot/os/windows/os_windows.cpp:3283), pid=18584, tid=23240
#
# JRE version:  (11.0.17+10) (build )
# Java VM: Java HotSpot(TM) 64-Bit Server VM (11.0.17+10-LTS-269, mixed mode, sharing, tiered, compressed oops, g1 gc, windows-amd64)
# No core dump will be written. Minidumps are not enabled by default on client versions of Windows
#

---------------  S U M M A R Y ------------

Command Line: -XX:TieredStopAtLevel=1 -Xverify:none -Dspring.output.ansi.enabled=always -javaagent:C:\Program Files\JetBrains\IntelliJ IDEA 2021.3\lib\idea_rt.jar=60280:C:\Program Files\JetBrains\IntelliJ IDEA 2021.3\bin -Dcom.sun.management.jmxremote -Dspring.jmx.enabled=true -Dspring.liveBeansView.mbeanDomain -Dspring.application.admin.enabled=true -Dfile.encoding=UTF-8 com.example.backendinventory.BackendInventoryApplication

Host: 11th Gen Intel(R) Core(TM) i5-11400H @ 2.70GHz, 12 cores, 7G,  Windows 11 , 64 bit Build 22621 (10.0.22621.2506)
Time: Sat Dec 16 22:25:56 2023 Sri Lanka Standard Time elapsed time: 0.011413 seconds (0d 0h 0m 0s)

---------------  T H R E A D  ---------------

Current thread (0x0000017290084800):  JavaThread "Unknown thread" [_thread_in_vm, id=23240, stack(0x0000003296200000,0x0000003296300000)]

Stack: [0x0000003296200000,0x0000003296300000]
Native frames: (J=compiled Java code, j=interpreted, Vv=VM code, C=native code)
V  [jvm.dll+0x62b5da]
V  [jvm.dll+0x7653df]
V  [jvm.dll+0x766a89]
V  [jvm.dll+0x767113]
V  [jvm.dll+0x23dd28]
V  [jvm.dll+0x62896a]
V  [jvm.dll+0x61d625]
V  [jvm.dll+0x2f2d3c]
V  [jvm.dll+0x2f2bc2]
V  [jvm.dll+0x2f78e6]
V  [jvm.dll+0x33a2df]
V  [jvm.dll+0x339d10]
V  [jvm.dll+0x2d0368]
V  [jvm.dll+0x2d14d6]
V  [jvm.dll+0x73f9a7]
V  [jvm.dll+0x74123f]
V  [jvm.dll+0x347039]
V  [jvm.dll+0x725280]
V  [jvm.dll+0x3b5c1f]
V  [jvm.dll+0x3b7d31]
C  [jli.dll+0x5207]
C  [ucrtbase.dll+0x29363]
C  [KERNEL32.DLL+0x1257d]
C  [ntdll.dll+0x5aa58]


---------------  P R O C E S S  ---------------

Threads class SMR info:
_java_thread_list=0x000001728de2b660, length=0, elements={
}

Java Threads: ( => current thread )

Other Threads:
  0x0000017290099800 GCTaskThread "GC Thread#0" [stack: 0x0000003296300000,0x0000003296400000] [id=15748]
  0x00000172900ca000 ConcurrentGCThread "G1 Main Marker" [stack: 0x0000003296400000,0x0000003296500000] [id=11876]
  0x00000172900cb800 ConcurrentGCThread "G1 Conc#0" [stack: 0x0000003296500000,0x0000003296600000] [id=16612]

[error occurred during error reporting (printing all threads), id 0xc0000005, EXCEPTION_ACCESS_VIOLATION (0xc0000005) at pc=0x00007fff3575f5f7]

VM state:not at safepoint (not fully initialized)

VM Mutex/Monitor currently owned by a thread:  ([mutex/lock_event])
[0x0000017290081ab0] Heap_lock - owner thread: 0x0000017290084800

Heap address: 0x0000000084000000, size: 1984 MB, Compressed Oops mode: Non-zero based: 0x0000000084000000
Narrow klass base: 0x0000000000000000, Narrow klass shift: 0

GC Heap History (0 events):
No events

Deoptimization events (0 events):
No events

Classes redefined (0 events):
No events

Internal exceptions (0 events):
No events

Events (0 events):
No events


Dynamic libraries:
0x00007ff6885e0000 - 0x00007ff6885ef000 	C:\Program Files\Java\jdk-11.0.17\bin\java.exe
0x00007fffa1d30000 - 0x00007fffa1f47000 	C:\WINDOWS\SYSTEM32\ntdll.dll
0x00007fffa1520000 - 0x00007fffa15e4000 	C:\WINDOWS\System32\KERNEL32.DLL
0x00007fff9f540000 - 0x00007fff9f8e6000 	C:\WINDOWS\System32\KERNELBASE.dll
0x00007fff9f140000 - 0x00007fff9f251000 	C:\WINDOWS\System32\ucrtbase.dll
0x00007fff94ac0000 - 0x00007fff94ad8000 	C:\Program Files\Java\jdk-11.0.17\bin\jli.dll
0x00007fff948c0000 - 0x00007fff948d5000 	C:\Program Files\Java\jdk-11.0.17\bin\VCRUNTIME140.dll
0x00007fffa0ac0000 - 0x00007fffa0b71000 	C:\WINDOWS\System32\ADVAPI32.dll
0x00007fffa1680000 - 0x00007fffa1727000 	C:\WINDOWS\System32\msvcrt.dll
0x00007fffa1c40000 - 0x00007fffa1ce5000 	C:\WINDOWS\System32\sechost.dll
0x00007fffa0b80000 - 0x00007fffa0c97000 	C:\WINDOWS\System32\RPCRT4.dll
0x00007fffa1a00000 - 0x00007fffa1bae000 	C:\WINDOWS\System32\USER32.dll
0x00007fff9f510000 - 0x00007fff9f536000 	C:\WINDOWS\System32\win32u.dll
0x00007fff820b0000 - 0x00007fff82343000 	C:\WINDOWS\WinSxS\amd64_microsoft.windows.common-controls_6595b64144ccf1df_6.0.22621.2506_none_270c5ae97388e100\COMCTL32.dll
0x00007fffa0a90000 - 0x00007fffa0ab9000 	C:\WINDOWS\System32\GDI32.dll
0x00007fff9f8f0000 - 0x00007fff9fa08000 	C:\WINDOWS\System32\gdi32full.dll
0x00007fff9f0a0000 - 0x00007fff9f13a000 	C:\WINDOWS\System32\msvcp_win.dll
0x00007fff952e0000 - 0x00007fff952ea000 	C:\WINDOWS\SYSTEM32\VERSION.dll
0x00007fffa1150000 - 0x00007fffa1181000 	C:\WINDOWS\System32\IMM32.DLL
0x00007fff6d800000 - 0x00007fff6d89b000 	C:\Program Files\Java\jdk-11.0.17\bin\msvcp140.dll
0x00007fff35480000 - 0x00007fff35f9a000 	C:\Program Files\Java\jdk-11.0.17\bin\server\jvm.dll
0x00007fffa1930000 - 0x00007fffa1938000 	C:\WINDOWS\System32\PSAPI.DLL
0x00007fff806d0000 - 0x00007fff806d9000 	C:\WINDOWS\SYSTEM32\WSOCK32.dll
0x00007fff94f40000 - 0x00007fff94f74000 	C:\WINDOWS\SYSTEM32\WINMM.dll
0x00007fffa09b0000 - 0x00007fffa0a21000 	C:\WINDOWS\System32\WS2_32.dll
0x00007fff9e060000 - 0x00007fff9e078000 	C:\WINDOWS\SYSTEM32\kernel.appcore.dll
0x00007fff94ea0000 - 0x00007fff94eb0000 	C:\Program Files\Java\jdk-11.0.17\bin\verify.dll
0x00007fff9c6a0000 - 0x00007fff9c8d3000 	C:\WINDOWS\SYSTEM32\DBGHELP.DLL
0x00007fffa1190000 - 0x00007fffa1519000 	C:\WINDOWS\System32\combase.dll
0x00007fff9fa80000 - 0x00007fff9fb57000 	C:\WINDOWS\System32\OLEAUT32.dll
0x00007fff93980000 - 0x00007fff939b2000 	C:\WINDOWS\SYSTEM32\dbgcore.DLL
0x00007fff9f320000 - 0x00007fff9f39a000 	C:\WINDOWS\System32\bcryptPrimitives.dll
0x00007fff926a0000 - 0x00007fff926c8000 	C:\Program Files\Java\jdk-11.0.17\bin\java.dll
0x00007fff94950000 - 0x00007fff9495a000 	C:\Program Files\Java\jdk-11.0.17\bin\jimage.dll
0x00007fff948a0000 - 0x00007fff948ae000 	C:\Program Files\Java\jdk-11.0.17\bin\instrument.dll
0x00007fff90d90000 - 0x00007fff90da6000 	C:\Program Files\Java\jdk-11.0.17\bin\zip.dll

dbghelp: loaded successfully - version: 4.0.5 - missing functions: none
symbol engine: initialized successfully - sym options: 0x614 - pdb path: .;C:\Program Files\Java\jdk-11.0.17\bin;C:\WINDOWS\SYSTEM32;C:\WINDOWS\WinSxS\amd64_microsoft.windows.common-controls_6595b64144ccf1df_6.0.22621.2506_none_270c5ae97388e100;C:\Program Files\Java\jdk-11.0.17\bin\server

VM Arguments:
jvm_args: -XX:TieredStopAtLevel=1 -Xverify:none -Dspring.output.ansi.enabled=always -javaagent:C:\Program Files\JetBrains\IntelliJ IDEA 2021.3\lib\idea_rt.jar=60280:C:\Program Files\JetBrains\IntelliJ IDEA 2021.3\bin -Dcom.sun.management.jmxremote -Dspring.jmx.enabled=true -Dspring.liveBeansView.mbeanDomain -Dspring.application.admin.enabled=true -Dfile.encoding=UTF-8 
java_command: com.example.backendinventory.BackendInventoryApplication
java_class_path (initial): D:\Inventory Management System\backend-inventory\target\classes;C:\Users\Kethaka\.m2\repository\org\springframework\boot\spring-boot-starter-data-jpa\2.4.0\spring-boot-starter-data-jpa-2.4.0.jar;C:\Users\Kethaka\.m2\repository\org\springframework\boot\spring-boot-starter-aop\2.4.0\spring-boot-starter-aop-2.4.0.jar;C:\Users\Kethaka\.m2\repository\org\aspectj\aspectjweaver\1.9.6\aspectjweaver-1.9.6.jar;C:\Users\Kethaka\.m2\repository\org\springframework\boot\spring-boot-starter-jdbc\2.4.0\spring-boot-starter-jdbc-2.4.0.jar;C:\Users\Kethaka\.m2\repository\com\zaxxer\HikariCP\3.4.5\HikariCP-3.4.5.jar;C:\Users\Kethaka\.m2\repository\org\springframework\spring-jdbc\5.3.1\spring-jdbc-5.3.1.jar;C:\Users\Kethaka\.m2\repository\jakarta\transaction\jakarta.transaction-api\1.3.3\jakarta.transaction-api-1.3.3.jar;C:\Users\Kethaka\.m2\repository\jakarta\persistence\jakarta.persistence-api\2.2.3\jakarta.persistence-api-2.2.3.jar;C:\Users\Kethaka\.m2\repository\org\hibernate\hibernate-core\5.4.23.Final\hibernate-core-5.4.23.Final.jar;C:\Users\Kethaka\.m2\repository\org\jboss\logging\jboss-logging\3.4.1.Final\jboss-logging-3.4.1.Final.jar;C:\Users\Kethaka\.m2\repository\org\javassist\javassist\3.24.0-GA\javassist-3.24.0-GA.jar;C:\Users\Kethaka\.m2\repository\net\bytebuddy\byte-buddy\1.10.18\byte-buddy-1.10.18.jar;C:\Users\Kethaka\.m2\repository\antlr\antlr\2.7.7\antlr-2.7.7.jar;C:\Users\Kethaka\.m2\repository\org\jboss\jandex\2.1.3.Final\jandex-2.1.3.Final.jar;C:\Users\Kethaka\.m2\repository\com\fasterxml\classmate\1.5.1\classmate-1.5.1.jar;C:\Users\Kethaka\.m2\repository\org\dom4j\dom4j\2.1.3\dom4j-2.1.3.jar;C:\Users\Kethaka\.m2\repository\org\hibernate\common\hibernate-commons-annotations\5.1.2.Final\hibernate-commons-annotations-5.1.2.Final.jar;C:\Users\Kethaka\.m2\repository\org\glassfish\jaxb\jaxb-runtime\2.3.3\jaxb-runtime-2.3.3.jar;C:\Users\Kethaka\.m2\repository\org\glassfish\jaxb\txw2\2.3.3\txw2-2.3.3.jar;C:\Users\Kethaka\.m2\repository\com\sun\
Launcher Type: SUN_STANDARD

[Global flags]
     bool BytecodeVerificationLocal                = false                                     {product} {command line}
     bool BytecodeVerificationRemote               = false                                     {product} {command line}
     intx CICompilerCount                          = 4                                         {product} {ergonomic}
     uint ConcGCThreads                            = 3                                         {product} {ergonomic}
     uint G1ConcRefinementThreads                  = 10                                        {product} {ergonomic}
   size_t G1HeapRegionSize                         = 1048576                                   {product} {ergonomic}
    uintx GCDrainStackTargetSize                   = 64                                        {product} {ergonomic}
   size_t InitialHeapSize                          = 130023424                                 {product} {ergonomic}
     bool ManagementServer                         = true                                      {product} {command line}
   size_t MarkStackSize                            = 4194304                                   {product} {ergonomic}
   size_t MaxHeapSize                              = 2080374784                                {product} {ergonomic}
   size_t MinHeapDeltaBytes                        = 1048576                                   {product} {ergonomic}
    uintx NonNMethodCodeHeapSize                   = 7549744                                {pd product} {ergonomic}
    uintx NonProfiledCodeHeapSize                  = 244108496                              {pd product} {ergonomic}
    uintx ProfiledCodeHeapSize                     = 0                                      {pd product} {ergonomic}
    uintx ReservedCodeCacheSize                    = 251658240                              {pd product} {ergonomic}
     bool SegmentedCodeCache                       = true                                      {product} {ergonomic}
     intx TieredStopAtLevel                        = 1                                         {product} {command line}
     bool UseCompressedClassPointers               = true                                 {lp64_product} {ergonomic}
     bool UseCompressedOops                        = true                                 {lp64_product} {ergonomic}
     bool UseG1GC                                  = true                                      {product} {ergonomic}
     bool UseLargePagesIndividualAllocation        = false                                  {pd product} {ergonomic}

Logging:
Log output configuration:
 #0: stdout all=warning uptime,level,tags
 #1: stderr all=off uptime,level,tags

Environment Variables:
JAVA_HOME=C:\Program Files\Java\jdk-11.0.17
PATH=C:\Program Files\Common Files\Oracle\Java\javapath;C:\Program Files (x86)\Common Files\Intel\Shared Libraries\redist\intel64\compiler;C:\Program Files\Java\jdk1.8.0_171\bin;C:\Program Files\Java\jdk-17.0.1\bin;C:\Windows\system32;C:\Windows;C:\Windows\System32\Wbem;C:\Windows\System32\WindowsPowerShell\v1.0\;C:\Windows\System32\OpenSSH\;C:\Program Files (x86)\NVIDIA Corporation\PhysX\Common;C:\Program Files\NVIDIA Corporation\NVIDIA NvDLISR;C:\WINDOWS\system32;C:\WINDOWS;C:\WINDOWS\System32\Wbem;C:\WINDOWS\System32\WindowsPowerShell\v1.0\;C:\WINDOWS\System32\OpenSSH\;C:\Program Files\dotnet\;C:\WINDOWS\system32;C:\WINDOWS;C:\WINDOWS\System32\Wbem;C:\WINDOWS\System32\WindowsPowerShell\v1.0\;C:\WINDOWS\System32\OpenSSH\;C:\Program Files\Azure Data Studio\bin;C:\Program Files\Microsoft SQL Server\Client SDK\ODBC\130\Tools\Binn\;C:\Program Files\Java\jdk-11.0.17\bin;C:\Program Files\Git\cmd;C:\xampp\php;C:\composer;C:\Program Files\nodejs\;C:\Users\Kethaka\AppData\Local\Programs\Python\Python311\Scripts\;C:\Users\Kethaka\AppData\Local\Programs\Python\Python311\;C:\Program Files\MySQL\MySQL Shell 8.0\bin\;C:\Users\Kethaka\AppData\Local\Microsoft\WindowsApps;C:\Program Files\Azure Data Studio\bin;C:\Program Files (x86)\Inno Setup 6;D:\IntelliJ IDEA Community Edition 2022.3.1\bin;;C:\Users\Kethaka\AppData\Local\Programs\Microsoft VS Code\bin;C:\Program Files\JetBrains\IntelliJ IDEA 2021.3\bin;;C:\Users\Kethaka\AppData\Local\GitHubDesktop\bin;C:\Users\Kethaka\AppData\Roaming\Composer\vendor\bin;C:\Users\Kethaka\AppData\Roaming\npm
USERNAME=Kethaka
OS=Windows_NT
PROCESSOR_IDENTIFIER=Intel64 Family 6 Model 141 Stepping 1, GenuineIntel



---------------  S Y S T E M  ---------------

OS: Windows 11 , 64 bit Build 22621 (10.0.22621.2506)
Hyper-V role detected

CPU:total 12 (initial active 12) (6 cores per cpu, 2 threads per core) family 6 model 141 stepping 1 microcode 0x34, cmov, cx8, fxsr, mmx, sse, sse2, sse3, ssse3, sse4.1, sse4.2, popcnt, avx, avx2, aes, clmul, erms, 3dnowpref, lzcnt, ht, tsc, tscinvbit, bmi1, bmi2, adx, evex, sha, fma

Memory: 4k page, system-wide physical 7930M (676M free)
TotalPageFile size 23290M (AvailPageFile size 71M)
current process WorkingSet (physical memory assigned to process): 11M, peak: 11M
current process commit charge ("private bytes"): 61M, peak: 185M

vm_info: Java HotSpot(TM) 64-Bit Server VM (11.0.17+10-LTS-269) for windows-amd64 JRE (11.0.17+10-LTS-269), built on Sep 13 2022 19:26:37 by "mach5one" with MS VC++ 15.9 (VS2017)

END.
